[debug] [2019-12-30T22:37:55.584Z] ----------------------------------------------------------------------
[debug] [2019-12-30T22:37:55.585Z] Command:       /usr/bin/node /usr/bin/firebase serve --only functions
[debug] [2019-12-30T22:37:55.585Z] CLI Version:   7.8.1
[debug] [2019-12-30T22:37:55.585Z] Platform:      linux
[debug] [2019-12-30T22:37:55.585Z] Node Version:  v12.13.1
[debug] [2019-12-30T22:37:55.586Z] Time:          Mon Dec 30 2019 16:37:55 GMT-0600 (Central Standard Time)
[debug] [2019-12-30T22:37:55.586Z] ----------------------------------------------------------------------
[debug] [2019-12-30T22:37:55.586Z] 
[debug] [2019-12-30T22:37:55.591Z] > command requires scopes: ["email","openid","https://www.googleapis.com/auth/cloudplatformprojects.readonly","https://www.googleapis.com/auth/firebase","https://www.googleapis.com/auth/cloud-platform"]
[debug] [2019-12-30T22:37:55.591Z] > authorizing via signed-in user
[debug] [2019-12-30T22:37:55.591Z] [iam] checking project my-recipes-assistant for permissions ["firebase.projects.get"]
[debug] [2019-12-30T22:37:55.593Z] >>> HTTP REQUEST POST https://cloudresourcemanager.googleapis.com/v1/projects/my-recipes-assistant:testIamPermissions  

[debug] [2019-12-30T22:37:56.203Z] <<< HTTP RESPONSE 200
[debug] [2019-12-30T22:37:56.205Z] >>> HTTP REQUEST GET https://firebase.googleapis.com/v1beta1/projects/my-recipes-assistant  
 
[debug] [2019-12-30T22:37:56.839Z] <<< HTTP RESPONSE 200
[warn] ⚠  Your requested "node" version "8" doesn't match your global version "12"
[info] ✔  functions: Emulator started at http://localhost:5000
[info] i  functions: Watching "/home/oreinosa/programming/the-recipes-assistant/functions" for Cloud Functions...
[debug] [2019-12-30T22:37:57.193Z] [worker-~diagnostic~-049000f0-caa9-49cc-b6c5-e76fe048005e]: Assigning socketPath: /tmp/fire_emu_13482.sock
[debug] [2019-12-30T22:37:57.194Z] [worker-~diagnostic~-049000f0-caa9-49cc-b6c5-e76fe048005e]: BUSY
[debug] [2019-12-30T22:37:57.431Z] [runtime-status] [13482] Functions runtime initialized. {"cwd":"/home/oreinosa/programming/the-recipes-assistant/functions","node_version":"12.13.1"}
[debug] [2019-12-30T22:37:57.432Z] [runtime-status] [13482] Disabled runtime features: {"functions_config_helper":true,"network_filtering":true,"timeout":true,"memory_limiting":true,"admin_stubs":true,"pubsub_emulator":true}
[debug] [2019-12-30T22:37:57.434Z] [runtime-status] [13482] Resolved module firebase-admin {"declared":true,"installed":true,"version":"8.9.0","resolution":"/home/oreinosa/programming/the-recipes-assistant/functions/node_modules/firebase-admin/lib/index.js"}
[debug] [2019-12-30T22:37:57.435Z] [runtime-status] [13482] Resolved module firebase-functions {"declared":true,"installed":true,"version":"3.3.0","resolution":"/home/oreinosa/programming/the-recipes-assistant/functions/node_modules/firebase-functions/lib/index.js"}
[debug] [2019-12-30T22:37:57.436Z] [runtime-status] [13482] Resolved module firebase-functions {"declared":true,"installed":true,"version":"3.3.0","resolution":"/home/oreinosa/programming/the-recipes-assistant/functions/node_modules/firebase-functions/lib/index.js"}
[info] ✔  functions[getSearchResults]: http function initialized (http://localhost:5000/my-recipes-assistant/us-central1/getSearchResults).
[info] ✔  functions[getAutoComplete]: http function initialized (http://localhost:5000/my-recipes-assistant/us-central1/getAutoComplete).
[info] ✔  functions[getFeed]: http function initialized (http://localhost:5000/my-recipes-assistant/us-central1/getFeed).
[debug] [2019-12-30T22:37:57.499Z] [worker-~diagnostic~-049000f0-caa9-49cc-b6c5-e76fe048005e]: exited
[debug] [2019-12-30T22:37:57.499Z] [worker-~diagnostic~-049000f0-caa9-49cc-b6c5-e76fe048005e]: FINISHED
[debug] [2019-12-30T22:38:34.046Z] Accepted request GET /my-recipes-assistant/us-central1/getFeed --> getFeed
[debug] [2019-12-30T22:38:34.083Z] [worker-getFeed-c25f7882-c7c0-437c-ba34-b8113203e073]: Assigning socketPath: /tmp/fire_emu_13497.sock
[debug] [2019-12-30T22:38:34.084Z] [worker-getFeed-c25f7882-c7c0-437c-ba34-b8113203e073]: BUSY
[debug] [2019-12-30T22:38:34.352Z] [runtime-status] [13497] Functions runtime initialized. {"cwd":"/home/oreinosa/programming/the-recipes-assistant/functions","node_version":"12.13.1"}
[debug] [2019-12-30T22:38:34.355Z] [runtime-status] [13497] Disabled runtime features: {"functions_config_helper":true,"network_filtering":true,"timeout":true,"memory_limiting":true,"admin_stubs":true,"pubsub_emulator":true}
[debug] [2019-12-30T22:38:34.357Z] [runtime-status] [13497] Resolved module firebase-admin {"declared":true,"installed":true,"version":"8.9.0","resolution":"/home/oreinosa/programming/the-recipes-assistant/functions/node_modules/firebase-admin/lib/index.js"}
[debug] [2019-12-30T22:38:34.357Z] [runtime-status] [13497] Resolved module firebase-functions {"declared":true,"installed":true,"version":"3.3.0","resolution":"/home/oreinosa/programming/the-recipes-assistant/functions/node_modules/firebase-functions/lib/index.js"}
[debug] [2019-12-30T22:38:34.358Z] [runtime-status] [13497] Resolved module firebase-functions {"declared":true,"installed":true,"version":"3.3.0","resolution":"/home/oreinosa/programming/the-recipes-assistant/functions/node_modules/firebase-functions/lib/index.js"}
[debug] [2019-12-30T22:38:34.420Z] [runtime-status] [13497] Trigger "getFeed" has been found, beginning invocation!
[info] i  functions: Beginning execution of "getFeed"
[debug] [2019-12-30T22:38:34.420Z] [runtime-status] [13497] triggerDefinition {"httpsTrigger":{},"name":"getFeed","entryPoint":"getFeed"}
[debug] [2019-12-30T22:38:34.420Z] [runtime-status] [13497] Running getFeed in mode HTTPS
[debug] [2019-12-30T22:38:34.423Z] [runtime-status] [13497] Attempting to listen to socketPath: /tmp/fire_emu_13497.sock
[debug] [2019-12-30T22:38:34.434Z] [functions] Runtime ready! Sending request!
[debug] [2019-12-30T22:38:34.443Z] [runtime-status] [13497] Ephemeral server handling GET request
[debug] [2019-12-30T22:38:34.452Z] [runtime-status] [13497] Ephemeral server survived.
[info] i  functions: Finished "getFeed" in ~1s
[debug] [2019-12-30T22:38:34.454Z] [worker-getFeed-c25f7882-c7c0-437c-ba34-b8113203e073]: IDLE
[debug] [2019-12-30T22:38:59.485Z] Accepted request GET /my-recipes-assistant/us-central1/getAutoComplete?prefix=meat --> getAutoComplete
[debug] [2019-12-30T22:38:59.510Z] [worker-getAutoComplete-dd9c48e8-0f5d-40e1-9a6a-0ca55813f0f7]: Assigning socketPath: /tmp/fire_emu_13521.sock
[debug] [2019-12-30T22:38:59.511Z] [worker-getAutoComplete-dd9c48e8-0f5d-40e1-9a6a-0ca55813f0f7]: BUSY
[debug] [2019-12-30T22:38:59.783Z] [runtime-status] [13521] Functions runtime initialized. {"cwd":"/home/oreinosa/programming/the-recipes-assistant/functions","node_version":"12.13.1"}
[debug] [2019-12-30T22:38:59.785Z] [runtime-status] [13521] Disabled runtime features: {"functions_config_helper":true,"network_filtering":true,"timeout":true,"memory_limiting":true,"admin_stubs":true,"pubsub_emulator":true}
[debug] [2019-12-30T22:38:59.786Z] [runtime-status] [13521] Resolved module firebase-admin {"declared":true,"installed":true,"version":"8.9.0","resolution":"/home/oreinosa/programming/the-recipes-assistant/functions/node_modules/firebase-admin/lib/index.js"}
[debug] [2019-12-30T22:38:59.787Z] [runtime-status] [13521] Resolved module firebase-functions {"declared":true,"installed":true,"version":"3.3.0","resolution":"/home/oreinosa/programming/the-recipes-assistant/functions/node_modules/firebase-functions/lib/index.js"}
[debug] [2019-12-30T22:38:59.788Z] [runtime-status] [13521] Resolved module firebase-functions {"declared":true,"installed":true,"version":"3.3.0","resolution":"/home/oreinosa/programming/the-recipes-assistant/functions/node_modules/firebase-functions/lib/index.js"}
[debug] [2019-12-30T22:38:59.837Z] [runtime-status] [13521] Trigger "getAutoComplete" has been found, beginning invocation!
[info] i  functions: Beginning execution of "getAutoComplete"
[debug] [2019-12-30T22:38:59.837Z] [runtime-status] [13521] triggerDefinition {"httpsTrigger":{},"name":"getAutoComplete","entryPoint":"getAutoComplete"}
[debug] [2019-12-30T22:38:59.837Z] [runtime-status] [13521] Running getAutoComplete in mode HTTPS
[debug] [2019-12-30T22:38:59.837Z] [runtime-status] [13521] Attempting to listen to socketPath: /tmp/fire_emu_13521.sock
[debug] [2019-12-30T22:38:59.841Z] [functions] Runtime ready! Sending request!
[debug] [2019-12-30T22:38:59.856Z] [runtime-status] [13521] Ephemeral server handling GET request
[debug] [2019-12-30T22:38:59.863Z] [runtime-status] [13521] Ephemeral server survived.
[info] i  functions: Finished "getAutoComplete" in ~1s
[debug] [2019-12-30T22:38:59.871Z] [worker-getAutoComplete-dd9c48e8-0f5d-40e1-9a6a-0ca55813f0f7]: IDLE
[debug] [2019-12-30T22:39:00.980Z] Accepted request GET /my-recipes-assistant/us-central1/getSearchResults?q=meatballs --> getSearchResults
[debug] [2019-12-30T22:39:00.987Z] [worker-getSearchResults-2ae77c31-3bac-4d85-86d2-1da088f4d73a]: Assigning socketPath: /tmp/fire_emu_13528.sock
[debug] [2019-12-30T22:39:00.987Z] [worker-getSearchResults-2ae77c31-3bac-4d85-86d2-1da088f4d73a]: BUSY
[debug] [2019-12-30T22:39:01.244Z] [runtime-status] [13528] Functions runtime initialized. {"cwd":"/home/oreinosa/programming/the-recipes-assistant/functions","node_version":"12.13.1"}
[debug] [2019-12-30T22:39:01.245Z] [runtime-status] [13528] Disabled runtime features: {"functions_config_helper":true,"network_filtering":true,"timeout":true,"memory_limiting":true,"admin_stubs":true,"pubsub_emulator":true}
[debug] [2019-12-30T22:39:01.247Z] [runtime-status] [13528] Resolved module firebase-admin {"declared":true,"installed":true,"version":"8.9.0","resolution":"/home/oreinosa/programming/the-recipes-assistant/functions/node_modules/firebase-admin/lib/index.js"}
[debug] [2019-12-30T22:39:01.247Z] [runtime-status] [13528] Resolved module firebase-functions {"declared":true,"installed":true,"version":"3.3.0","resolution":"/home/oreinosa/programming/the-recipes-assistant/functions/node_modules/firebase-functions/lib/index.js"}
[debug] [2019-12-30T22:39:01.251Z] [runtime-status] [13528] Resolved module firebase-functions {"declared":true,"installed":true,"version":"3.3.0","resolution":"/home/oreinosa/programming/the-recipes-assistant/functions/node_modules/firebase-functions/lib/index.js"}
[debug] [2019-12-30T22:39:01.287Z] [runtime-status] [13528] Trigger "getSearchResults" has been found, beginning invocation!
[info] i  functions: Beginning execution of "getSearchResults"
[debug] [2019-12-30T22:39:01.288Z] [runtime-status] [13528] triggerDefinition {"httpsTrigger":{},"name":"getSearchResults","entryPoint":"getSearchResults"}
[debug] [2019-12-30T22:39:01.288Z] [runtime-status] [13528] Running getSearchResults in mode HTTPS
[debug] [2019-12-30T22:39:01.291Z] [runtime-status] [13528] Attempting to listen to socketPath: /tmp/fire_emu_13528.sock
[debug] [2019-12-30T22:39:01.299Z] [functions] Runtime ready! Sending request!
[debug] [2019-12-30T22:39:01.308Z] [runtime-status] [13528] Ephemeral server handling GET request
[debug] [2019-12-30T22:39:01.314Z] [runtime-status] [13528] Ephemeral server survived.
[info] i  functions: Finished "getSearchResults" in ~1s
[debug] [2019-12-30T22:39:01.326Z] [worker-getSearchResults-2ae77c31-3bac-4d85-86d2-1da088f4d73a]: IDLE
[debug] [2019-12-30T22:39:05.053Z] Accepted request GET /my-recipes-assistant/us-central1/getFeed --> getFeed
[debug] [2019-12-30T22:39:05.053Z] [worker-getFeed-c25f7882-c7c0-437c-ba34-b8113203e073]: Assigning socketPath: /tmp/fire_emu_13497.sock
[debug] [2019-12-30T22:39:05.053Z] [worker-getFeed-c25f7882-c7c0-437c-ba34-b8113203e073]: BUSY
[debug] [2019-12-30T22:39:05.054Z] [runtime-status] [13497] Trigger "getFeed" has been found, beginning invocation!
[info] i  functions: Beginning execution of "getFeed"
[debug] [2019-12-30T22:39:05.055Z] [runtime-status] [13497] triggerDefinition {"httpsTrigger":{},"name":"getFeed","entryPoint":"getFeed"}
[debug] [2019-12-30T22:39:05.055Z] [runtime-status] [13497] Running getFeed in mode HTTPS
[debug] [2019-12-30T22:39:05.055Z] [runtime-status] [13497] Attempting to listen to socketPath: /tmp/fire_emu_13497.sock
[debug] [2019-12-30T22:39:05.065Z] [functions] Runtime ready! Sending request!
[debug] [2019-12-30T22:39:05.072Z] [runtime-status] [13497] Ephemeral server handling GET request
[debug] [2019-12-30T22:39:05.072Z] [runtime-status] [13497] Ephemeral server survived.
[info] i  functions: Finished "getFeed" in ~1s
[debug] [2019-12-30T22:39:05.078Z] [worker-getFeed-c25f7882-c7c0-437c-ba34-b8113203e073]: IDLE
